0 info it worked if it ends with ok
1 verbose cli [ '/usr/bin/node', '/usr/bin/npm', 'install', 'node' ]
2 info using npm@3.5.2
3 info using node@v8.10.0
4 silly loadCurrentTree Starting
5 silly install loadCurrentTree
6 silly install readLocalPackageData
7 silly fetchPackageMetaData node
8 silly fetchNamedPackageData node
9 silly mapToRegistry name node
10 silly mapToRegistry using default registry
11 silly mapToRegistry registry https://registry.npmjs.org/
12 silly mapToRegistry uri https://registry.npmjs.org/node
13 verbose request uri https://registry.npmjs.org/node
14 verbose request no auth needed
15 info attempt registry request try #1 at 9:54:15 AM
16 verbose request id f4e9e9027a2f0d0f
17 http request GET https://registry.npmjs.org/node
18 http 200 https://registry.npmjs.org/node
19 verbose headers { date: 'Mon, 17 May 2021 08:54:17 GMT',
19 verbose headers   'content-type': 'application/json',
19 verbose headers   'transfer-encoding': 'chunked',
19 verbose headers   connection: 'keep-alive',
19 verbose headers   'cf-ray': '650b9ec4db571129-MAD',
19 verbose headers   age: '2862',
19 verbose headers   'cache-control': 'public, max-age=300',
19 verbose headers   etag: 'W/"1c6755e1a9b70c1a82dc67d97e83c826"',
19 verbose headers   'last-modified': 'Fri, 07 May 2021 02:46:26 GMT',
19 verbose headers   vary: 'accept-encoding, accept',
19 verbose headers   'cf-cache-status': 'HIT',
19 verbose headers   'cf-request-id': '0a1b218f0a00001129311d3000000001',
19 verbose headers   'expect-ct': 'max-age=604800, report-uri="https://report-uri.cloudflare.com/cdn-cgi/beacon/expect-ct"',
19 verbose headers   server: 'cloudflare',
19 verbose headers   'content-encoding': 'gzip' }
20 silly get cb [ 200,
20 silly get   { date: 'Mon, 17 May 2021 08:54:17 GMT',
20 silly get     'content-type': 'application/json',
20 silly get     'transfer-encoding': 'chunked',
20 silly get     connection: 'keep-alive',
20 silly get     'cf-ray': '650b9ec4db571129-MAD',
20 silly get     age: '2862',
20 silly get     'cache-control': 'public, max-age=300',
20 silly get     etag: 'W/"1c6755e1a9b70c1a82dc67d97e83c826"',
20 silly get     'last-modified': 'Fri, 07 May 2021 02:46:26 GMT',
20 silly get     vary: 'accept-encoding, accept',
20 silly get     'cf-cache-status': 'HIT',
20 silly get     'cf-request-id': '0a1b218f0a00001129311d3000000001',
20 silly get     'expect-ct': 'max-age=604800, report-uri="https://report-uri.cloudflare.com/cdn-cgi/beacon/expect-ct"',
20 silly get     server: 'cloudflare',
20 silly get     'content-encoding': 'gzip' } ]
21 verbose get saving node to /home/andreacc/.npm/registry.npmjs.org/node/.cache.json
22 silly install normalizeTree
23 silly loadCurrentTree Finishing
24 silly loadIdealTree Starting
25 silly install loadIdealTree
26 silly cloneCurrentTree Starting
27 silly install cloneCurrentTreeToIdealTree
28 silly cloneCurrentTree Finishing
29 silly loadShrinkwrap Starting
30 silly install loadShrinkwrap
31 silly loadShrinkwrap Finishing
32 silly loadAllDepsIntoIdealTree Starting
33 silly install loadAllDepsIntoIdealTree
34 silly resolveWithNewModule node@16.1.0 checking installable status
35 silly cache add args [ 'node', null ]
36 verbose cache add spec node
37 silly cache add parsed spec Result {
37 silly cache add   raw: 'node',
37 silly cache add   scope: null,
37 silly cache add   name: 'node',
37 silly cache add   rawSpec: '',
37 silly cache add   spec: 'latest',
37 silly cache add   type: 'tag' }
38 silly addNamed node@latest
39 verbose addNamed "latest" is being treated as a dist-tag for node
40 info addNameTag [ 'node', 'latest' ]
41 silly mapToRegistry name node
42 silly mapToRegistry using default registry
43 silly mapToRegistry registry https://registry.npmjs.org/
44 silly mapToRegistry uri https://registry.npmjs.org/node
45 verbose addNameTag registry:https://registry.npmjs.org/node not in flight; fetching
46 verbose get https://registry.npmjs.org/node not expired, no request
47 silly addNameTag next cb for node with tag latest
48 silly addNamed node@16.1.0
49 verbose addNamed "16.1.0" is a plain semver version for node
50 silly mapToRegistry name node
51 silly mapToRegistry using default registry
52 silly mapToRegistry registry https://registry.npmjs.org/
53 silly mapToRegistry uri https://registry.npmjs.org/node
54 verbose addRemoteTarball https://registry.npmjs.org/node/-/node-16.1.0.tgz not in flight; adding
55 verbose addRemoteTarball [ 'https://registry.npmjs.org/node/-/node-16.1.0.tgz',
55 verbose addRemoteTarball   '9d56ec8b644d6545fb4b447b7916f26ff81daa29' ]
56 info retry fetch attempt 1 at 9:54:15 AM
57 info attempt registry request try #1 at 9:54:15 AM
58 http fetch GET https://registry.npmjs.org/node/-/node-16.1.0.tgz
59 http fetch 200 https://registry.npmjs.org/node/-/node-16.1.0.tgz
60 silly fetchAndShaCheck shasum 9d56ec8b644d6545fb4b447b7916f26ff81daa29
61 verbose addTmpTarball /tmp/npm-2149-03663ec2/registry.npmjs.org/node/-/node-16.1.0.tgz not in flight; adding
62 verbose addTmpTarball already have metadata; skipping unpack for node@16.1.0
63 silly cache afterAdd node@16.1.0
64 verbose afterAdd /home/andreacc/.npm/node/16.1.0/package/package.json not in flight; writing
65 verbose afterAdd /home/andreacc/.npm/node/16.1.0/package/package.json written
66 silly fetchNamedPackageData node-bin-setup
67 silly mapToRegistry name node-bin-setup
68 silly mapToRegistry using default registry
69 silly mapToRegistry registry https://registry.npmjs.org/
70 silly mapToRegistry uri https://registry.npmjs.org/node-bin-setup
71 verbose request uri https://registry.npmjs.org/node-bin-setup
72 verbose request no auth needed
73 info attempt registry request try #1 at 9:54:15 AM
74 http request GET https://registry.npmjs.org/node-bin-setup
75 http 200 https://registry.npmjs.org/node-bin-setup
76 verbose headers { date: 'Mon, 17 May 2021 08:54:17 GMT',
76 verbose headers   'content-type': 'application/json; charset=UTF-8',
76 verbose headers   'transfer-encoding': 'chunked',
76 verbose headers   connection: 'keep-alive',
76 verbose headers   'cf-ray': '650b9ec70e861129-MAD',
76 verbose headers   age: '2826',
76 verbose headers   'cache-control': 'public, max-age=300',
76 verbose headers   etag: 'W/"696d6ec470fda56a33885508a280edab"',
76 verbose headers   'last-modified': 'Sun, 27 May 2018 09:55:03 GMT',
76 verbose headers   vary: 'accept-encoding, accept',
76 verbose headers   'cf-cache-status': 'HIT',
76 verbose headers   'cf-request-id': '0a1b21906a000011298901d000000001',
76 verbose headers   'expect-ct': 'max-age=604800, report-uri="https://report-uri.cloudflare.com/cdn-cgi/beacon/expect-ct"',
76 verbose headers   server: 'cloudflare',
76 verbose headers   'content-encoding': 'gzip' }
77 silly get cb [ 200,
77 silly get   { date: 'Mon, 17 May 2021 08:54:17 GMT',
77 silly get     'content-type': 'application/json; charset=UTF-8',
77 silly get     'transfer-encoding': 'chunked',
77 silly get     connection: 'keep-alive',
77 silly get     'cf-ray': '650b9ec70e861129-MAD',
77 silly get     age: '2826',
77 silly get     'cache-control': 'public, max-age=300',
77 silly get     etag: 'W/"696d6ec470fda56a33885508a280edab"',
77 silly get     'last-modified': 'Sun, 27 May 2018 09:55:03 GMT',
77 silly get     vary: 'accept-encoding, accept',
77 silly get     'cf-cache-status': 'HIT',
77 silly get     'cf-request-id': '0a1b21906a000011298901d000000001',
77 silly get     'expect-ct': 'max-age=604800, report-uri="https://report-uri.cloudflare.com/cdn-cgi/beacon/expect-ct"',
77 silly get     server: 'cloudflare',
77 silly get     'content-encoding': 'gzip' } ]
78 verbose get saving node-bin-setup to /home/andreacc/.npm/registry.npmjs.org/node-bin-setup/.cache.json
79 silly resolveWithNewModule node-bin-setup@1.0.6 checking installable status
80 silly cache add args [ 'node-bin-setup@^1.0.0', null ]
81 verbose cache add spec node-bin-setup@^1.0.0
82 silly cache add parsed spec Result {
82 silly cache add   raw: 'node-bin-setup@^1.0.0',
82 silly cache add   scope: null,
82 silly cache add   name: 'node-bin-setup',
82 silly cache add   rawSpec: '^1.0.0',
82 silly cache add   spec: '>=1.0.0 <2.0.0',
82 silly cache add   type: 'range' }
83 silly addNamed node-bin-setup@>=1.0.0 <2.0.0
84 verbose addNamed ">=1.0.0 <2.0.0" is a valid semver range for node-bin-setup
85 silly addNameRange { name: 'node-bin-setup',
85 silly addNameRange   range: '>=1.0.0 <2.0.0',
85 silly addNameRange   hasData: false }
86 silly mapToRegistry name node-bin-setup
87 silly mapToRegistry using default registry
88 silly mapToRegistry registry https://registry.npmjs.org/
89 silly mapToRegistry uri https://registry.npmjs.org/node-bin-setup
90 verbose addNameRange registry:https://registry.npmjs.org/node-bin-setup not in flight; fetching
91 verbose get https://registry.npmjs.org/node-bin-setup not expired, no request
92 silly addNameRange number 2 { name: 'node-bin-setup',
92 silly addNameRange   range: '>=1.0.0 <2.0.0',
92 silly addNameRange   hasData: true }
93 silly addNameRange versions [ 'node-bin-setup',
93 silly addNameRange   [ '1.0.0', '1.0.1', '1.0.2', '1.0.3', '1.0.4', '1.0.6' ] ]
94 silly addNamed node-bin-setup@1.0.6
95 verbose addNamed "1.0.6" is a plain semver version for node-bin-setup
96 silly mapToRegistry name node-bin-setup
97 silly mapToRegistry using default registry
98 silly mapToRegistry registry https://registry.npmjs.org/
99 silly mapToRegistry uri https://registry.npmjs.org/node-bin-setup
100 verbose addRemoteTarball https://registry.npmjs.org/node-bin-setup/-/node-bin-setup-1.0.6.tgz not in flight; adding
101 verbose addRemoteTarball [ 'https://registry.npmjs.org/node-bin-setup/-/node-bin-setup-1.0.6.tgz',
101 verbose addRemoteTarball   '4b5c9bb937ece702d7069b36ca78af4684677528' ]
102 info retry fetch attempt 1 at 9:54:15 AM
103 info attempt registry request try #1 at 9:54:15 AM
104 http fetch GET https://registry.npmjs.org/node-bin-setup/-/node-bin-setup-1.0.6.tgz
105 http fetch 200 https://registry.npmjs.org/node-bin-setup/-/node-bin-setup-1.0.6.tgz
106 silly fetchAndShaCheck shasum 4b5c9bb937ece702d7069b36ca78af4684677528
107 verbose addTmpTarball /tmp/npm-2149-03663ec2/registry.npmjs.org/node-bin-setup/-/node-bin-setup-1.0.6.tgz not in flight; adding
108 verbose addTmpTarball already have metadata; skipping unpack for node-bin-setup@1.0.6
109 silly cache afterAdd node-bin-setup@1.0.6
110 verbose afterAdd /home/andreacc/.npm/node-bin-setup/1.0.6/package/package.json not in flight; writing
111 verbose afterAdd /home/andreacc/.npm/node-bin-setup/1.0.6/package/package.json written
112 silly loadAllDepsIntoIdealTree Finishing
113 silly idealTree:prePrune practica-pe102@1.0.0
113 silly idealTree:prePrune ├── @types/node@15.3.0
113 silly idealTree:prePrune ├── ansi-regex@5.0.0
113 silly idealTree:prePrune ├── at-least-node@1.0.0
113 silly idealTree:prePrune ├── balanced-match@1.0.2
113 silly idealTree:prePrune ├── brace-expansion@1.1.11
113 silly idealTree:prePrune ├── colors@1.4.0
113 silly idealTree:prePrune ├── concat-map@0.0.1
113 silly idealTree:prePrune ├── cross-spawn@7.0.3
113 silly idealTree:prePrune ├── duplexer@0.1.2
113 silly idealTree:prePrune ├── event-stream@3.3.4
113 silly idealTree:prePrune ├── from@0.1.7
113 silly idealTree:prePrune ├── fs-extra@9.1.0
113 silly idealTree:prePrune ├── fs.realpath@1.0.0
113 silly idealTree:prePrune ├── function-bind@1.1.1
113 silly idealTree:prePrune ├── glob@7.1.7
113 silly idealTree:prePrune ├── graceful-fs@4.2.6
113 silly idealTree:prePrune ├── handlebars@4.7.7
113 silly idealTree:prePrune ├── has@1.0.3
113 silly idealTree:prePrune ├── inflight@1.0.6
113 silly idealTree:prePrune ├── inherits@2.0.4
113 silly idealTree:prePrune ├── interpret@1.4.0
113 silly idealTree:prePrune ├── is-core-module@2.4.0
113 silly idealTree:prePrune ├── isexe@2.0.0
113 silly idealTree:prePrune ├── jsonfile@6.1.0
113 silly idealTree:prePrune ├── lodash@4.17.21
113 silly idealTree:prePrune ├── lru-cache@5.1.1
113 silly idealTree:prePrune ├── lunr@2.3.9
113 silly idealTree:prePrune ├── map-stream@0.1.0
113 silly idealTree:prePrune ├── marked@2.0.3
113 silly idealTree:prePrune ├── minimatch@3.0.4
113 silly idealTree:prePrune ├── minimist@1.2.5
113 silly idealTree:prePrune ├── neo-async@2.6.2
113 silly idealTree:prePrune ├── node-bin-setup@1.0.6
113 silly idealTree:prePrune ├── node-cleanup@2.1.2
113 silly idealTree:prePrune ├── node@16.1.0
113 silly idealTree:prePrune ├── once@1.4.0
113 silly idealTree:prePrune ├── onigasm@2.2.5
113 silly idealTree:prePrune ├── path-is-absolute@1.0.1
113 silly idealTree:prePrune ├── path-key@3.1.1
113 silly idealTree:prePrune ├── path-parse@1.0.6
113 silly idealTree:prePrune ├── pause-stream@0.0.11
113 silly idealTree:prePrune ├── progress@2.0.3
113 silly idealTree:prePrune ├── ps-tree@1.2.0
113 silly idealTree:prePrune ├── rechoir@0.6.2
113 silly idealTree:prePrune ├── resolve@1.20.0
113 silly idealTree:prePrune ├── shebang-command@2.0.0
113 silly idealTree:prePrune ├── shebang-regex@3.0.0
113 silly idealTree:prePrune ├── shelljs@0.8.4
113 silly idealTree:prePrune ├── shiki@0.9.3
113 silly idealTree:prePrune ├── source-map@0.6.1
113 silly idealTree:prePrune ├── split@0.3.3
113 silly idealTree:prePrune ├── stream-combiner@0.0.4
113 silly idealTree:prePrune ├── string-argv@0.1.2
113 silly idealTree:prePrune ├── strip-ansi@6.0.0
113 silly idealTree:prePrune ├── through@2.3.8
113 silly idealTree:prePrune ├── tsc-watch@4.2.9
113 silly idealTree:prePrune ├── typedoc-default-themes@0.12.10
113 silly idealTree:prePrune ├── typedoc@0.20.36
113 silly idealTree:prePrune ├── uglify-js@3.13.6
113 silly idealTree:prePrune ├── universalify@2.0.0
113 silly idealTree:prePrune ├── vscode-textmate@5.4.0
113 silly idealTree:prePrune ├── which@2.0.2
113 silly idealTree:prePrune ├── wordwrap@1.0.0
113 silly idealTree:prePrune ├── wrappy@1.0.2
113 silly idealTree:prePrune └── yallist@3.1.1
114 silly loadIdealTree Finishing
115 silly currentTree practica-pe102@1.0.0
115 silly currentTree ├── @types/node@15.3.0
115 silly currentTree ├── ansi-regex@5.0.0
115 silly currentTree ├── at-least-node@1.0.0
115 silly currentTree ├── balanced-match@1.0.2
115 silly currentTree ├── brace-expansion@1.1.11
115 silly currentTree ├── colors@1.4.0
115 silly currentTree ├── concat-map@0.0.1
115 silly currentTree ├── cross-spawn@7.0.3
115 silly currentTree ├── duplexer@0.1.2
115 silly currentTree ├── event-stream@3.3.4
115 silly currentTree ├── from@0.1.7
115 silly currentTree ├── fs-extra@9.1.0
115 silly currentTree ├── fs.realpath@1.0.0
115 silly currentTree ├── function-bind@1.1.1
115 silly currentTree ├── glob@7.1.7
115 silly currentTree ├── graceful-fs@4.2.6
115 silly currentTree ├── handlebars@4.7.7
115 silly currentTree ├── has@1.0.3
115 silly currentTree ├── inflight@1.0.6
115 silly currentTree ├── inherits@2.0.4
115 silly currentTree ├── interpret@1.4.0
115 silly currentTree ├── is-core-module@2.4.0
115 silly currentTree ├── isexe@2.0.0
115 silly currentTree ├── jsonfile@6.1.0
115 silly currentTree ├── lodash@4.17.21
115 silly currentTree ├── lru-cache@5.1.1
115 silly currentTree ├── lunr@2.3.9
115 silly currentTree ├── map-stream@0.1.0
115 silly currentTree ├── marked@2.0.3
115 silly currentTree ├── minimatch@3.0.4
115 silly currentTree ├── minimist@1.2.5
115 silly currentTree ├── neo-async@2.6.2
115 silly currentTree ├── node-cleanup@2.1.2
115 silly currentTree ├── once@1.4.0
115 silly currentTree ├── onigasm@2.2.5
115 silly currentTree ├── path-is-absolute@1.0.1
115 silly currentTree ├── path-key@3.1.1
115 silly currentTree ├── path-parse@1.0.6
115 silly currentTree ├── pause-stream@0.0.11
115 silly currentTree ├── progress@2.0.3
115 silly currentTree ├── ps-tree@1.2.0
115 silly currentTree ├── rechoir@0.6.2
115 silly currentTree ├── resolve@1.20.0
115 silly currentTree ├── shebang-command@2.0.0
115 silly currentTree ├── shebang-regex@3.0.0
115 silly currentTree ├── shelljs@0.8.4
115 silly currentTree ├── shiki@0.9.3
115 silly currentTree ├── source-map@0.6.1
115 silly currentTree ├── split@0.3.3
115 silly currentTree ├── stream-combiner@0.0.4
115 silly currentTree ├── string-argv@0.1.2
115 silly currentTree ├── strip-ansi@6.0.0
115 silly currentTree ├── through@2.3.8
115 silly currentTree ├── tsc-watch@4.2.9
115 silly currentTree ├── typedoc-default-themes@0.12.10
115 silly currentTree ├── typedoc@0.20.36
115 silly currentTree ├── uglify-js@3.13.6
115 silly currentTree ├── universalify@2.0.0
115 silly currentTree ├── vscode-textmate@5.4.0
115 silly currentTree ├── which@2.0.2
115 silly currentTree ├── wordwrap@1.0.0
115 silly currentTree ├── wrappy@1.0.2
115 silly currentTree └── yallist@3.1.1
116 silly idealTree practica-pe102@1.0.0
116 silly idealTree ├── @types/node@15.3.0
116 silly idealTree ├── ansi-regex@5.0.0
116 silly idealTree ├── at-least-node@1.0.0
116 silly idealTree ├── balanced-match@1.0.2
116 silly idealTree ├── brace-expansion@1.1.11
116 silly idealTree ├── colors@1.4.0
116 silly idealTree ├── concat-map@0.0.1
116 silly idealTree ├── cross-spawn@7.0.3
116 silly idealTree ├── duplexer@0.1.2
116 silly idealTree ├── event-stream@3.3.4
116 silly idealTree ├── from@0.1.7
116 silly idealTree ├── fs-extra@9.1.0
116 silly idealTree ├── fs.realpath@1.0.0
116 silly idealTree ├── function-bind@1.1.1
116 silly idealTree ├── glob@7.1.7
116 silly idealTree ├── graceful-fs@4.2.6
116 silly idealTree ├── handlebars@4.7.7
116 silly idealTree ├── has@1.0.3
116 silly idealTree ├── inflight@1.0.6
116 silly idealTree ├── inherits@2.0.4
116 silly idealTree ├── interpret@1.4.0
116 silly idealTree ├── is-core-module@2.4.0
116 silly idealTree ├── isexe@2.0.0
116 silly idealTree ├── jsonfile@6.1.0
116 silly idealTree ├── lodash@4.17.21
116 silly idealTree ├── lru-cache@5.1.1
116 silly idealTree ├── lunr@2.3.9
116 silly idealTree ├── map-stream@0.1.0
116 silly idealTree ├── marked@2.0.3
116 silly idealTree ├── minimatch@3.0.4
116 silly idealTree ├── minimist@1.2.5
116 silly idealTree ├── neo-async@2.6.2
116 silly idealTree ├── node-bin-setup@1.0.6
116 silly idealTree ├── node-cleanup@2.1.2
116 silly idealTree ├── node@16.1.0
116 silly idealTree ├── once@1.4.0
116 silly idealTree ├── onigasm@2.2.5
116 silly idealTree ├── path-is-absolute@1.0.1
116 silly idealTree ├── path-key@3.1.1
116 silly idealTree ├── path-parse@1.0.6
116 silly idealTree ├── pause-stream@0.0.11
116 silly idealTree ├── progress@2.0.3
116 silly idealTree ├── ps-tree@1.2.0
116 silly idealTree ├── rechoir@0.6.2
116 silly idealTree ├── resolve@1.20.0
116 silly idealTree ├── shebang-command@2.0.0
116 silly idealTree ├── shebang-regex@3.0.0
116 silly idealTree ├── shelljs@0.8.4
116 silly idealTree ├── shiki@0.9.3
116 silly idealTree ├── source-map@0.6.1
116 silly idealTree ├── split@0.3.3
116 silly idealTree ├── stream-combiner@0.0.4
116 silly idealTree ├── string-argv@0.1.2
116 silly idealTree ├── strip-ansi@6.0.0
116 silly idealTree ├── through@2.3.8
116 silly idealTree ├── tsc-watch@4.2.9
116 silly idealTree ├── typedoc-default-themes@0.12.10
116 silly idealTree ├── typedoc@0.20.36
116 silly idealTree ├── uglify-js@3.13.6
116 silly idealTree ├── universalify@2.0.0
116 silly idealTree ├── vscode-textmate@5.4.0
116 silly idealTree ├── which@2.0.2
116 silly idealTree ├── wordwrap@1.0.0
116 silly idealTree ├── wrappy@1.0.2
116 silly idealTree └── yallist@3.1.1
117 silly generateActionsToTake Starting
118 silly install generateActionsToTake
119 silly generateActionsToTake Finishing
120 silly diffTrees action count 2
121 silly diffTrees add node-bin-setup@1.0.6
122 silly diffTrees add node@16.1.0
123 silly decomposeActions action count 16
124 silly decomposeActions fetch node-bin-setup@1.0.6
125 silly decomposeActions extract node-bin-setup@1.0.6
126 silly decomposeActions test node-bin-setup@1.0.6
127 silly decomposeActions preinstall node-bin-setup@1.0.6
128 silly decomposeActions build node-bin-setup@1.0.6
129 silly decomposeActions install node-bin-setup@1.0.6
130 silly decomposeActions postinstall node-bin-setup@1.0.6
131 silly decomposeActions finalize node-bin-setup@1.0.6
132 silly decomposeActions fetch node@16.1.0
133 silly decomposeActions extract node@16.1.0
134 silly decomposeActions test node@16.1.0
135 silly decomposeActions preinstall node@16.1.0
136 silly decomposeActions build node@16.1.0
137 silly decomposeActions install node@16.1.0
138 silly decomposeActions postinstall node@16.1.0
139 silly decomposeActions finalize node@16.1.0
140 silly executeActions Starting
141 silly install executeActions
142 silly doSerial global-install 0
143 silly doParallel fetch 2
144 verbose lock using /home/andreacc/.npm/_locks/staging-2ae0f3cbb5b9b29c.lock for /home/andreacc/DSI-Practica-pe102-lunes-17-05-2021/node_modules/.staging
145 silly doParallel extract 2
146 silly extract node-bin-setup@1.0.6
147 silly extract node@16.1.0
148 verbose unbuild node_modules/.staging/node-bin-setup-5a8bd279
149 silly gentlyRm /home/andreacc/DSI-Practica-pe102-lunes-17-05-2021/node_modules/.staging/node-bin-setup-5a8bd279 is being purged from base /home/andreacc/DSI-Practica-pe102-lunes-17-05-2021
150 verbose gentlyRm don't care about contents; nuking /home/andreacc/DSI-Practica-pe102-lunes-17-05-2021/node_modules/.staging/node-bin-setup-5a8bd279
151 verbose unbuild node_modules/.staging/node-dbbc223c
152 verbose tar unpack /home/andreacc/.npm/node-bin-setup/1.0.6/package.tgz
153 verbose tar unpacking to /home/andreacc/DSI-Practica-pe102-lunes-17-05-2021/node_modules/.staging/node-bin-setup-5a8bd279
154 silly gentlyRm /home/andreacc/DSI-Practica-pe102-lunes-17-05-2021/node_modules/.staging/node-bin-setup-5a8bd279 is being purged
155 verbose gentlyRm don't care about contents; nuking /home/andreacc/DSI-Practica-pe102-lunes-17-05-2021/node_modules/.staging/node-bin-setup-5a8bd279
156 silly gunzTarPerm modes [ '755', '644' ]
157 silly gentlyRm /home/andreacc/DSI-Practica-pe102-lunes-17-05-2021/node_modules/.staging/node-dbbc223c is being purged from base /home/andreacc/DSI-Practica-pe102-lunes-17-05-2021
158 verbose gentlyRm don't care about contents; nuking /home/andreacc/DSI-Practica-pe102-lunes-17-05-2021/node_modules/.staging/node-dbbc223c
159 verbose tar unpack /home/andreacc/.npm/node/16.1.0/package.tgz
160 verbose tar unpacking to /home/andreacc/DSI-Practica-pe102-lunes-17-05-2021/node_modules/.staging/node-dbbc223c
161 silly gentlyRm /home/andreacc/DSI-Practica-pe102-lunes-17-05-2021/node_modules/.staging/node-dbbc223c is being purged
162 verbose gentlyRm don't care about contents; nuking /home/andreacc/DSI-Practica-pe102-lunes-17-05-2021/node_modules/.staging/node-dbbc223c
163 silly gunzTarPerm modes [ '755', '644' ]
164 silly gunzTarPerm extractEntry package.json
165 silly gunzTarPerm extractEntry installArchSpecificPackage.js
166 silly gunzTarPerm extractEntry index.js
167 silly gunzTarPerm extractEntry package.json
168 silly gunzTarPerm extractEntry README.md
169 silly gentlyRm /home/andreacc/DSI-Practica-pe102-lunes-17-05-2021/node_modules/.staging/node-bin-setup-5a8bd279/node_modules is being purged
170 verbose gentlyRm don't care about contents; nuking /home/andreacc/DSI-Practica-pe102-lunes-17-05-2021/node_modules/.staging/node-bin-setup-5a8bd279/node_modules
171 silly gentlyRm /home/andreacc/DSI-Practica-pe102-lunes-17-05-2021/node_modules/.staging/node-dbbc223c/node_modules is being purged
172 verbose gentlyRm don't care about contents; nuking /home/andreacc/DSI-Practica-pe102-lunes-17-05-2021/node_modules/.staging/node-dbbc223c/node_modules
173 silly doParallel preinstall 2
174 silly preinstall node-bin-setup@1.0.6 /home/andreacc/DSI-Practica-pe102-lunes-17-05-2021/node_modules/.staging/node-bin-setup-5a8bd279
175 info lifecycle node-bin-setup@1.0.6~preinstall: node-bin-setup@1.0.6
176 silly preinstall node@16.1.0 /home/andreacc/DSI-Practica-pe102-lunes-17-05-2021/node_modules/.staging/node-dbbc223c
177 info lifecycle node@16.1.0~preinstall: node@16.1.0
178 silly lifecycle node-bin-setup@1.0.6~preinstall: no script for preinstall, continuing
179 verbose lifecycle node@16.1.0~preinstall: unsafe-perm in lifecycle true
180 verbose lifecycle node@16.1.0~preinstall: PATH: /usr/share/npm/bin/node-gyp-bin:/home/andreacc/DSI-Practica-pe102-lunes-17-05-2021/node_modules/.staging/node-dbbc223c/node_modules/.bin:/home/andreacc/DSI-Practica-pe102-lunes-17-05-2021/node_modules/.bin:/home/andreacc/.vscode-server/bin/054a9295330880ed74ceaedda236253b4f39a335/bin:/usr/local/sbin:/usr/local/bin:/usr/sbin:/usr/bin:/sbin:/bin:/usr/games:/usr/local/games:/mnt/c/ProgramData/Oracle/Java/javapath:/mnt/c/WINDOWS/system32:/mnt/c/WINDOWS:/mnt/c/WINDOWS/System32/Wbem:/mnt/c/WINDOWS/System32/WindowsPowerShell/v1.0/:/mnt/c/WINDOWS/System32/OpenSSH/:/mnt/c/Users/andre/AppData/Local/Microsoft/WindowsApps:/mnt/c/Users/andre/AppData/Local/Programs/Microsoft VS Code/bin:/mnt/c/Users/andre/AppData/Local/Microsoft/WindowsApps:/snap/bin
181 verbose lifecycle node@16.1.0~preinstall: CWD: /home/andreacc/DSI-Practica-pe102-lunes-17-05-2021/node_modules/.staging/node-dbbc223c
182 silly lifecycle node@16.1.0~preinstall: Args: [ '-c', 'node installArchSpecificPackage' ]
183 silly lifecycle node@16.1.0~preinstall: Returned: code: 1  signal: null
184 info lifecycle node@16.1.0~preinstall: Failed to exec preinstall script
185 verbose unlock done using /home/andreacc/.npm/_locks/staging-2ae0f3cbb5b9b29c.lock for /home/andreacc/DSI-Practica-pe102-lunes-17-05-2021/node_modules/.staging
186 silly rollbackFailedOptional Starting
187 silly rollbackFailedOptional Finishing
188 silly runTopLevelLifecycles Starting
189 silly runTopLevelLifecycles Finishing
190 silly install printInstalled
191 warn tsc-watch@4.2.9 requires a peer of typescript@* but none was installed.
192 warn typedoc@0.20.36 requires a peer of typescript@3.9.x || 4.0.x || 4.1.x || 4.2.x but none was installed.
193 warn practica-pe102@1.0.0 No description
194 warn practica-pe102@1.0.0 No repository field.
195 verbose stack Error: node@16.1.0 preinstall: `node installArchSpecificPackage`
195 verbose stack Exit status 1
195 verbose stack     at EventEmitter.<anonymous> (/usr/share/npm/lib/utils/lifecycle.js:232:16)
195 verbose stack     at emitTwo (events.js:126:13)
195 verbose stack     at EventEmitter.emit (events.js:214:7)
195 verbose stack     at ChildProcess.<anonymous> (/usr/share/npm/lib/utils/spawn.js:24:14)
195 verbose stack     at emitTwo (events.js:126:13)
195 verbose stack     at ChildProcess.emit (events.js:214:7)
195 verbose stack     at maybeClose (internal/child_process.js:925:16)
195 verbose stack     at Process.ChildProcess._handle.onexit (internal/child_process.js:209:5)
196 verbose pkgid node@16.1.0
197 verbose cwd /home/andreacc/DSI-Practica-pe102-lunes-17-05-2021
198 error Linux 4.4.0-19041-Microsoft
199 error argv "/usr/bin/node" "/usr/bin/npm" "install" "node"
200 error node v8.10.0
201 error npm  v3.5.2
202 error code ELIFECYCLE
203 error node@16.1.0 preinstall: `node installArchSpecificPackage`
203 error Exit status 1
204 error Failed at the node@16.1.0 preinstall script 'node installArchSpecificPackage'.
204 error Make sure you have the latest version of node.js and npm installed.
204 error If you do, this is most likely a problem with the node package,
204 error not with npm itself.
204 error Tell the author that this fails on your system:
204 error     node installArchSpecificPackage
204 error You can get information on how to open an issue for this project with:
204 error     npm bugs node
204 error Or if that isn't available, you can get their info via:
204 error     npm owner ls node
204 error There is likely additional logging output above.
205 verbose exit [ 1, true ]
